<?xml version="1.0" encoding="UTF-8"?>
<testng-results ignored="2" total="4" passed="0" failed="2" skipped="0">
  <reporter-output>
  </reporter-output>
  <suite started-at="2020-08-07T16:18:02 EET" name="All Test Suite" finished-at="2020-08-07T16:18:47 EET" duration-ms="45371">
    <groups>
    </groups>
    <test started-at="2020-08-07T16:18:02 EET" name="HBTests" finished-at="2020-08-07T16:18:47 EET" duration-ms="45371">
      <class name="login.loginTests">
        <test-method is-config="true" signature="beforeSuite()[pri:0, instance:login.loginTests@51891008]" started-at="2020-08-07T16:17:59 EET" name="beforeSuite" finished-at="2020-08-07T16:18:02 EET" duration-ms="2890" status="PASS">
          <reporter-output>
          </reporter-output>
        </test-method> <!-- beforeSuite -->
        <test-method is-config="true" signature="setUp(org.testng.ITestContext)[pri:0, instance:login.loginTests@51891008]" started-at="2020-08-07T16:18:02 EET" name="setUp" finished-at="2020-08-07T16:18:21 EET" duration-ms="19440" status="PASS">
          <params>
            <param index="0">
              <value>
                <![CDATA[org.testng.TestRunner@388ffbc2]]>
              </value>
            </param>
          </params>
          <reporter-output>
          </reporter-output>
        </test-method> <!-- setUp -->
        <test-method is-config="true" signature="beforeEachMethod()[pri:0, instance:login.loginTests@51891008]" started-at="2020-08-07T16:18:21 EET" name="beforeEachMethod" finished-at="2020-08-07T16:18:21 EET" duration-ms="2" status="PASS">
          <reporter-output>
          </reporter-output>
        </test-method> <!-- beforeEachMethod -->
        <test-method signature="loginPage()[pri:0, instance:login.loginTests@51891008]" started-at="2020-08-07T16:18:21 EET" name="loginPage" description="Logs in the webpage" finished-at="2020-08-07T16:18:21 EET" duration-ms="62" status="FAIL">
          <exception class="java.lang.NullPointerException">
            <full-stacktrace>
              <![CDATA[java.lang.NullPointerException
at login.loginTests.loginPage(loginTests.java:23)
at java.base/jdk.internal.reflect.NativeMethodAccessorImpl.invoke0(Native Method)
at java.base/jdk.internal.reflect.NativeMethodAccessorImpl.invoke(NativeMethodAccessorImpl.java:62)
at java.base/jdk.internal.reflect.DelegatingMethodAccessorImpl.invoke(DelegatingMethodAccessorImpl.java:43)
at java.base/java.lang.reflect.Method.invoke(Method.java:566)
at org.testng.internal.MethodInvocationHelper.invokeMethod(MethodInvocationHelper.java:134)
at org.testng.internal.TestInvoker.invokeMethod(TestInvoker.java:597)
at org.testng.internal.TestInvoker.invokeTestMethod(TestInvoker.java:173)
at org.testng.internal.MethodRunner.runInSequence(MethodRunner.java:46)
at org.testng.internal.TestInvoker$MethodInvocationAgent.invoke(TestInvoker.java:816)
at org.testng.internal.TestInvoker.invokeTestMethods(TestInvoker.java:146)
at org.testng.internal.TestMethodWorker.invokeTestMethods(TestMethodWorker.java:146)
at org.testng.internal.TestMethodWorker.run(TestMethodWorker.java:128)
at java.base/java.util.concurrent.ThreadPoolExecutor.runWorker(ThreadPoolExecutor.java:1128)
at java.base/java.util.concurrent.ThreadPoolExecutor$Worker.run(ThreadPoolExecutor.java:628)
at java.base/java.lang.Thread.run(Thread.java:834)
]]>
            </full-stacktrace>
          </exception> <!-- java.lang.NullPointerException -->
          <reporter-output>
          </reporter-output>
        </test-method> <!-- loginPage -->
        <test-method is-config="true" signature="tearDown(org.testng.ITestContext)[pri:0, instance:login.loginTests@51891008]" started-at="2020-08-07T16:18:21 EET" name="tearDown" finished-at="2020-08-07T16:18:21 EET" duration-ms="6" status="PASS">
          <params>
            <param index="0">
              <value>
                <![CDATA[org.testng.TestRunner@388ffbc2]]>
              </value>
            </param>
          </params>
          <reporter-output>
          </reporter-output>
        </test-method> <!-- tearDown -->
        <test-method is-config="true" signature="afterSuite()[pri:0, instance:login.loginTests@51891008]" started-at="2020-08-07T16:18:47 EET" name="afterSuite" finished-at="2020-08-07T16:18:47 EET" duration-ms="1" status="PASS">
          <reporter-output>
          </reporter-output>
        </test-method> <!-- afterSuite -->
      </class> <!-- login.loginTests -->
      <class name="addItemToCart.addItemToCart">
        <test-method is-config="true" signature="setUp(org.testng.ITestContext)[pri:0, instance:addItemToCart.addItemToCart@2f953efd]" started-at="2020-08-07T16:18:21 EET" name="setUp" finished-at="2020-08-07T16:18:40 EET" duration-ms="18758" status="PASS">
          <params>
            <param index="0">
              <value>
                <![CDATA[org.testng.TestRunner@388ffbc2]]>
              </value>
            </param>
          </params>
          <reporter-output>
          </reporter-output>
        </test-method> <!-- setUp -->
        <test-method is-config="true" signature="beforeEachMethod()[pri:0, instance:addItemToCart.addItemToCart@2f953efd]" started-at="2020-08-07T16:18:40 EET" name="beforeEachMethod" finished-at="2020-08-07T16:18:40 EET" duration-ms="1" status="PASS">
          <reporter-output>
          </reporter-output>
        </test-method> <!-- beforeEachMethod -->
        <test-method signature="buyABookWithMoneyTransfer()[pri:0, instance:addItemToCart.addItemToCart@2f953efd]" started-at="2020-08-07T16:18:40 EET" name="buyABookWithMoneyTransfer" description="Adds item to the cart" finished-at="2020-08-07T16:18:47 EET" duration-ms="6922" status="FAIL">
          <exception class="java.lang.AssertionError">
            <message>
              <![CDATA[Text  Expected: is "Üye Giriş Sayfası & Üye Ol - Hepsiburada" but: was "Türkiye'nin En Büyük Online Alışveriş Sitesi Hepsiburada.com"]]>
            </message>
            <full-stacktrace>
              <![CDATA[java.lang.AssertionError: Text  Expected: is "Üye Giriş Sayfası & Üye Ol - Hepsiburada" but: was "Türkiye'nin En Büyük Online Alışveriş Sitesi Hepsiburada.com"
at utils.random.matcher.Matcher.assertThat(Matcher.java:12)
at pages.common.commonPage.verifyString(commonPage.java:37)
at addItemToCart.addItemToCart.buyABookWithMoneyTransfer(addItemToCart.java:40)
at java.base/jdk.internal.reflect.NativeMethodAccessorImpl.invoke0(Native Method)
at java.base/jdk.internal.reflect.NativeMethodAccessorImpl.invoke(NativeMethodAccessorImpl.java:62)
at java.base/jdk.internal.reflect.DelegatingMethodAccessorImpl.invoke(DelegatingMethodAccessorImpl.java:43)
at java.base/java.lang.reflect.Method.invoke(Method.java:566)
at org.testng.internal.MethodInvocationHelper.invokeMethod(MethodInvocationHelper.java:134)
at org.testng.internal.TestInvoker.invokeMethod(TestInvoker.java:597)
at org.testng.internal.TestInvoker.invokeTestMethod(TestInvoker.java:173)
at org.testng.internal.MethodRunner.runInSequence(MethodRunner.java:46)
at org.testng.internal.TestInvoker$MethodInvocationAgent.invoke(TestInvoker.java:816)
at org.testng.internal.TestInvoker.invokeTestMethods(TestInvoker.java:146)
at org.testng.internal.TestMethodWorker.invokeTestMethods(TestMethodWorker.java:146)
at org.testng.internal.TestMethodWorker.run(TestMethodWorker.java:128)
at java.base/java.util.concurrent.ThreadPoolExecutor.runWorker(ThreadPoolExecutor.java:1128)
at java.base/java.util.concurrent.ThreadPoolExecutor$Worker.run(ThreadPoolExecutor.java:628)
at java.base/java.lang.Thread.run(Thread.java:834)
]]>
            </full-stacktrace>
          </exception> <!-- java.lang.AssertionError -->
          <reporter-output>
          </reporter-output>
        </test-method> <!-- buyABookWithMoneyTransfer -->
        <test-method is-config="true" signature="tearDown(org.testng.ITestContext)[pri:0, instance:addItemToCart.addItemToCart@2f953efd]" started-at="2020-08-07T16:18:47 EET" name="tearDown" finished-at="2020-08-07T16:18:47 EET" duration-ms="0" status="PASS">
          <params>
            <param index="0">
              <value>
                <![CDATA[org.testng.TestRunner@388ffbc2]]>
              </value>
            </param>
          </params>
          <reporter-output>
          </reporter-output>
        </test-method> <!-- tearDown -->
      </class> <!-- addItemToCart.addItemToCart -->
    </test> <!-- HBTests -->
  </suite> <!-- All Test Suite -->
</testng-results>
